{"timestamp": "2025-08-05T18:16:05.445591", "level": "INFO", "message": "Intento de login para usuario: luis", "module": "auth_controller", "function": "authenticate", "line": 14, "thread": "MainThread"}
{"timestamp": "2025-08-05T18:16:05.503359", "level": "INFO", "message": "Usuario autenticado: luis", "module": "login_window", "function": "authenticate", "line": 74, "thread": "MainThread"}
{"timestamp": "2025-08-05T18:16:05.504363", "level": "INFO", "message": "Usuario autenticado: luis (Perfil: 0)", "module": "main", "function": "on_login_success", "line": 34, "thread": "MainThread"}
{"timestamp": "2025-08-05T18:16:05.507399", "level": "INFO", "message": "Ventana de login cerrada", "module": "login_window", "function": "closeEvent", "line": 95, "thread": "MainThread"}
{"timestamp": "2025-08-05T18:16:06.093386", "level": "INFO", "message": "Ventana principal creada para luis (Perfil: 0)", "module": "main_window", "function": "__init__", "line": 200, "thread": "MainThread"}
{"timestamp": "2025-08-05T18:17:03.701672", "level": "INFO", "message": "Todas las conexiones de la pool cerradas", "module": "database", "function": "close_all_connections", "line": 54, "thread": "MainThread"}
{"timestamp": "2025-08-05T18:19:25.749616", "level": "INFO", "message": "Todas las conexiones de la pool cerradas", "module": "database", "function": "close_all_connections", "line": 54, "thread": "MainThread"}
{"timestamp": "2025-08-05T18:29:21.986523", "level": "INFO", "message": "Ventana principal cerrada para usuario: luis", "module": "main_window", "function": "closeEvent", "line": 272, "thread": "MainThread"}
{"timestamp": "2025-08-05T18:34:50.892352", "level": "INFO", "message": "Intento de login para usuario: luis", "module": "auth_controller", "function": "authenticate", "line": 14, "thread": "MainThread"}
{"timestamp": "2025-08-05T18:34:50.951205", "level": "INFO", "message": "Usuario autenticado: luis", "module": "login_window", "function": "authenticate", "line": 74, "thread": "MainThread"}
{"timestamp": "2025-08-05T18:34:50.951205", "level": "INFO", "message": "Usuario autenticado: luis (Perfil: 0)", "module": "main", "function": "on_login_success", "line": 34, "thread": "MainThread"}
{"timestamp": "2025-08-05T18:34:50.955197", "level": "INFO", "message": "Ventana de login cerrada", "module": "login_window", "function": "closeEvent", "line": 95, "thread": "MainThread"}
{"timestamp": "2025-08-05T18:34:51.517549", "level": "INFO", "message": "Ventana principal creada para luis (Perfil: 0)", "module": "main_window", "function": "__init__", "line": 200, "thread": "MainThread"}
{"timestamp": "2025-08-05T19:33:57.471687", "level": "INFO", "message": "Ventana principal cerrada para usuario: luis", "module": "main_window", "function": "closeEvent", "line": 272, "thread": "MainThread"}
{"timestamp": "2025-08-05T19:34:09.944302", "level": "INFO", "message": "Intento de login para usuario: luis", "module": "auth_controller", "function": "authenticate", "line": 14, "thread": "MainThread"}
{"timestamp": "2025-08-05T19:34:10.000457", "level": "INFO", "message": "Usuario autenticado: luis", "module": "login_window", "function": "authenticate", "line": 74, "thread": "MainThread"}
{"timestamp": "2025-08-05T19:34:10.001706", "level": "INFO", "message": "Usuario autenticado: luis (Perfil: 0)", "module": "main", "function": "on_login_success", "line": 34, "thread": "MainThread"}
{"timestamp": "2025-08-05T19:34:10.005742", "level": "INFO", "message": "Ventana de login cerrada", "module": "login_window", "function": "closeEvent", "line": 95, "thread": "MainThread"}
{"timestamp": "2025-08-05T19:34:10.568312", "level": "INFO", "message": "Ventana principal creada para luis (Perfil: 0)", "module": "main_window", "function": "__init__", "line": 200, "thread": "MainThread"}
{"timestamp": "2025-08-05T19:34:13.856608", "level": "CRITICAL", "message": "Excepción no capturada", "module": "logger", "function": "handle_exception", "line": 138, "thread": "MainThread", "exception": "Traceback (most recent call last):\n  File \"E:\\DOCTORADO\\TOPICAVANZADO\\nova-desktop-system\\app\\views\\main_window.py\", line 278, in show_img_rostro_management\n    self.img_rostro_window = ImgRostroWindow(self.username, self.profile)\n                             ^^^^^^^^^^^^^^^\nNameError: name 'ImgRostroWindow' is not defined"}
{"timestamp": "2025-08-05T19:36:02.806028", "level": "INFO", "message": "Ventana principal cerrada para usuario: luis", "module": "main_window", "function": "closeEvent", "line": 285, "thread": "MainThread"}
{"timestamp": "2025-08-05T19:36:23.201559", "level": "INFO", "message": "Intento de login para usuario: luis", "module": "auth_controller", "function": "authenticate", "line": 14, "thread": "MainThread"}
{"timestamp": "2025-08-05T19:36:23.908877", "level": "INFO", "message": "Usuario autenticado: luis", "module": "login_window", "function": "authenticate", "line": 74, "thread": "MainThread"}
{"timestamp": "2025-08-05T19:36:23.909403", "level": "INFO", "message": "Usuario autenticado: luis (Perfil: 0)", "module": "main", "function": "on_login_success", "line": 34, "thread": "MainThread"}
{"timestamp": "2025-08-05T19:36:23.911819", "level": "INFO", "message": "Ventana de login cerrada", "module": "login_window", "function": "closeEvent", "line": 95, "thread": "MainThread"}
{"timestamp": "2025-08-05T19:36:24.483037", "level": "INFO", "message": "Ventana principal creada para luis (Perfil: 0)", "module": "main_window", "function": "__init__", "line": 201, "thread": "MainThread"}
{"timestamp": "2025-08-05T19:36:29.852059", "level": "INFO", "message": "Ventana de gestión de rostros creada para luis", "module": "img_rostro_window", "function": "__init__", "line": 323, "thread": "MainThread"}
{"timestamp": "2025-08-05T19:41:11.736770", "level": "CRITICAL", "message": "Excepción no capturada", "module": "logger", "function": "handle_exception", "line": 138, "thread": "MainThread", "exception": "Traceback (most recent call last):\n  File \"E:\\DOCTORADO\\TOPICAVANZADO\\nova-desktop-system\\app\\views\\img_rostro_window.py\", line 286, in view_images\n    scroll = QScrollArea()\n             ^^^^^^^^^^^\nNameError: name 'QScrollArea' is not defined"}
{"timestamp": "2025-08-05T19:43:56.926835", "level": "CRITICAL", "message": "Excepción no capturada", "module": "logger", "function": "handle_exception", "line": 138, "thread": "MainThread", "exception": "Traceback (most recent call last):\n  File \"E:\\DOCTORADO\\TOPICAVANZADO\\nova-desktop-system\\app\\views\\img_rostro_window.py\", line 286, in view_images\n    scroll = QScrollArea()\n             ^^^^^^^^^^^\nNameError: name 'QScrollArea' is not defined"}
{"timestamp": "2025-08-05T19:44:02.633905", "level": "INFO", "message": "Ventana principal cerrada para usuario: luis", "module": "main_window", "function": "closeEvent", "line": 286, "thread": "MainThread"}
{"timestamp": "2025-08-05T19:44:20.299504", "level": "INFO", "message": "Intento de login para usuario: luis", "module": "auth_controller", "function": "authenticate", "line": 14, "thread": "MainThread"}
{"timestamp": "2025-08-05T19:44:20.454370", "level": "INFO", "message": "Usuario autenticado: luis", "module": "login_window", "function": "authenticate", "line": 74, "thread": "MainThread"}
{"timestamp": "2025-08-05T19:44:20.455140", "level": "INFO", "message": "Usuario autenticado: luis (Perfil: 0)", "module": "main", "function": "on_login_success", "line": 34, "thread": "MainThread"}
{"timestamp": "2025-08-05T19:44:20.458184", "level": "INFO", "message": "Ventana de login cerrada", "module": "login_window", "function": "closeEvent", "line": 95, "thread": "MainThread"}
{"timestamp": "2025-08-05T19:44:21.019148", "level": "INFO", "message": "Ventana principal creada para luis (Perfil: 0)", "module": "main_window", "function": "__init__", "line": 201, "thread": "MainThread"}
{"timestamp": "2025-08-05T19:44:23.496195", "level": "INFO", "message": "Ventana de gestión de rostros creada para luis", "module": "img_rostro_window", "function": "__init__", "line": 323, "thread": "MainThread"}
{"timestamp": "2025-08-05T19:48:45.062864", "level": "INFO", "message": "Todas las conexiones de la pool cerradas", "module": "database", "function": "close_all_connections", "line": 54, "thread": "MainThread"}
{"timestamp": "2025-08-05T19:48:46.535296", "level": "INFO", "message": "Ventana de gestión de rostros creada para luis", "module": "img_rostro_window", "function": "__init__", "line": 323, "thread": "MainThread"}
{"timestamp": "2025-08-05T19:48:46.537159", "level": "INFO", "message": "Todas las conexiones de la pool cerradas", "module": "database", "function": "close_all_connections", "line": 54, "thread": "MainThread"}
{"timestamp": "2025-08-05T20:47:17.822348", "level": "INFO", "message": "Ventana principal cerrada para usuario: luis", "module": "main_window", "function": "closeEvent", "line": 286, "thread": "MainThread"}
{"timestamp": "2025-08-05T21:11:45.180456", "level": "INFO", "message": "Intento de login para usuario: luis", "module": "auth_controller", "function": "authenticate", "line": 14, "thread": "MainThread"}
{"timestamp": "2025-08-05T21:11:45.257580", "level": "INFO", "message": "Usuario autenticado: luis", "module": "login_window", "function": "authenticate", "line": 74, "thread": "MainThread"}
{"timestamp": "2025-08-05T21:11:45.258583", "level": "INFO", "message": "Usuario autenticado: luis (Perfil: 0)", "module": "main", "function": "on_login_success", "line": 34, "thread": "MainThread"}
{"timestamp": "2025-08-05T21:11:45.261619", "level": "INFO", "message": "Ventana de login cerrada", "module": "login_window", "function": "closeEvent", "line": 95, "thread": "MainThread"}
{"timestamp": "2025-08-05T21:11:45.927582", "level": "INFO", "message": "Ventana principal creada para luis (Perfil: 0)", "module": "main_window", "function": "__init__", "line": 201, "thread": "MainThread"}
{"timestamp": "2025-08-05T21:11:50.571198", "level": "CRITICAL", "message": "Excepción no capturada", "module": "logger", "function": "handle_exception", "line": 138, "thread": "MainThread", "exception": "Traceback (most recent call last):\n  File \"E:\\DOCTORADO\\TOPICAVANZADO\\nova-desktop-system\\app\\views\\main_window.py\", line 225, in <lambda>\n    accion_objetos.triggered.connect(lambda: self.redirigir_a(\"main_clase_color_gui.py\"))\n                                             ^^^^^^^^^^^^^^^^^^^^^^^^^^^^^^^^^^^^^^^^^^^\n  File \"E:\\DOCTORADO\\TOPICAVANZADO\\nova-desktop-system\\app\\views\\main_window.py\", line 314, in redirigir_a\n    subprocess.Popen([sys.executable, ruta_completa, \"--username\", self.username])\n                      ^^^\nNameError: name 'sys' is not defined. Did you forget to import 'sys'"}
{"timestamp": "2025-08-05T21:12:05.411924", "level": "INFO", "message": "Ventana principal cerrada para usuario: luis", "module": "main_window", "function": "closeEvent", "line": 294, "thread": "MainThread"}
{"timestamp": "2025-08-05T21:20:26.034831", "level": "INFO", "message": "Intento de login para usuario: luis", "module": "auth_controller", "function": "authenticate", "line": 14, "thread": "MainThread"}
{"timestamp": "2025-08-05T21:20:26.097752", "level": "INFO", "message": "Usuario autenticado: luis", "module": "login_window", "function": "authenticate", "line": 74, "thread": "MainThread"}
{"timestamp": "2025-08-05T21:20:26.098284", "level": "INFO", "message": "Usuario autenticado: luis (Perfil: 0)", "module": "main", "function": "on_login_success", "line": 34, "thread": "MainThread"}
{"timestamp": "2025-08-05T21:20:26.100643", "level": "INFO", "message": "Ventana de login cerrada", "module": "login_window", "function": "closeEvent", "line": 95, "thread": "MainThread"}
{"timestamp": "2025-08-05T21:20:26.666533", "level": "INFO", "message": "Ventana principal creada para luis (Perfil: 0)", "module": "main_window", "function": "__init__", "line": 201, "thread": "MainThread"}
{"timestamp": "2025-08-05T21:21:24.842592", "level": "INFO", "message": "Ventana principal cerrada para usuario: luis", "module": "main_window", "function": "closeEvent", "line": 294, "thread": "MainThread"}
{"timestamp": "2025-08-05T21:29:26.836239", "level": "INFO", "message": "Intento de login para usuario: LUIS", "module": "auth_controller", "function": "authenticate", "line": 14, "thread": "MainThread"}
{"timestamp": "2025-08-05T21:29:26.890240", "level": "WARNING", "message": "Intento fallido para usuario: LUIS", "module": "login_window", "function": "authenticate", "line": 77, "thread": "MainThread"}
{"timestamp": "2025-08-05T21:29:35.660096", "level": "INFO", "message": "Intento de login para usuario: luis", "module": "auth_controller", "function": "authenticate", "line": 14, "thread": "MainThread"}
{"timestamp": "2025-08-05T21:29:35.746043", "level": "INFO", "message": "Usuario autenticado: luis", "module": "login_window", "function": "authenticate", "line": 74, "thread": "MainThread"}
{"timestamp": "2025-08-05T21:29:35.746511", "level": "INFO", "message": "Usuario autenticado: luis (Perfil: 0)", "module": "main", "function": "on_login_success", "line": 34, "thread": "MainThread"}
{"timestamp": "2025-08-05T21:29:35.750546", "level": "INFO", "message": "Ventana de login cerrada", "module": "login_window", "function": "closeEvent", "line": 95, "thread": "MainThread"}
{"timestamp": "2025-08-05T21:29:36.303445", "level": "INFO", "message": "Ventana principal creada para luis (Perfil: 0)", "module": "main_window", "function": "__init__", "line": 201, "thread": "MainThread"}
{"timestamp": "2025-08-05T21:33:01.209570", "level": "INFO", "message": "Ventana principal cerrada para usuario: luis", "module": "main_window", "function": "closeEvent", "line": 294, "thread": "MainThread"}
{"timestamp": "2025-08-05T21:34:31.932212", "level": "INFO", "message": "Intento de login para usuario: luis", "module": "auth_controller", "function": "authenticate", "line": 14, "thread": "MainThread"}
{"timestamp": "2025-08-05T21:34:31.989253", "level": "INFO", "message": "Usuario autenticado: luis", "module": "login_window", "function": "authenticate", "line": 74, "thread": "MainThread"}
{"timestamp": "2025-08-05T21:34:31.990256", "level": "INFO", "message": "Usuario autenticado: luis (Perfil: 0)", "module": "main", "function": "on_login_success", "line": 34, "thread": "MainThread"}
{"timestamp": "2025-08-05T21:34:31.993298", "level": "INFO", "message": "Ventana de login cerrada", "module": "login_window", "function": "closeEvent", "line": 95, "thread": "MainThread"}
{"timestamp": "2025-08-05T21:34:32.565572", "level": "INFO", "message": "Ventana principal creada para luis (Perfil: 0)", "module": "main_window", "function": "__init__", "line": 201, "thread": "MainThread"}
{"timestamp": "2025-08-05T21:35:30.989575", "level": "INFO", "message": "Ventana principal cerrada para usuario: luis", "module": "main_window", "function": "closeEvent", "line": 294, "thread": "MainThread"}
{"timestamp": "2025-08-05T21:36:34.423460", "level": "INFO", "message": "Intento de login para usuario: luis", "module": "auth_controller", "function": "authenticate", "line": 14, "thread": "MainThread"}
{"timestamp": "2025-08-05T21:36:34.505725", "level": "INFO", "message": "Usuario autenticado: luis", "module": "login_window", "function": "authenticate", "line": 74, "thread": "MainThread"}
{"timestamp": "2025-08-05T21:36:34.505725", "level": "INFO", "message": "Usuario autenticado: luis (Perfil: 0)", "module": "main", "function": "on_login_success", "line": 34, "thread": "MainThread"}
{"timestamp": "2025-08-05T21:36:34.508759", "level": "INFO", "message": "Ventana de login cerrada", "module": "login_window", "function": "closeEvent", "line": 95, "thread": "MainThread"}
{"timestamp": "2025-08-05T21:36:35.063770", "level": "INFO", "message": "Ventana principal creada para luis (Perfil: 0)", "module": "main_window", "function": "__init__", "line": 201, "thread": "MainThread"}
{"timestamp": "2025-08-05T21:49:52.030380", "level": "INFO", "message": "Ventana principal cerrada para usuario: luis", "module": "main_window", "function": "closeEvent", "line": 294, "thread": "MainThread"}
{"timestamp": "2025-08-05T21:50:11.110977", "level": "INFO", "message": "Intento de login para usuario: luis", "module": "auth_controller", "function": "authenticate", "line": 14, "thread": "MainThread"}
{"timestamp": "2025-08-05T21:50:11.167876", "level": "INFO", "message": "Usuario autenticado: luis", "module": "login_window", "function": "authenticate", "line": 74, "thread": "MainThread"}
{"timestamp": "2025-08-05T21:50:11.168892", "level": "INFO", "message": "Usuario autenticado: luis (Perfil: 0)", "module": "main", "function": "on_login_success", "line": 34, "thread": "MainThread"}
{"timestamp": "2025-08-05T21:50:11.172862", "level": "INFO", "message": "Ventana de login cerrada", "module": "login_window", "function": "closeEvent", "line": 95, "thread": "MainThread"}
{"timestamp": "2025-08-05T21:50:11.743510", "level": "INFO", "message": "Ventana principal creada para luis (Perfil: 0)", "module": "main_window", "function": "__init__", "line": 201, "thread": "MainThread"}
{"timestamp": "2025-08-05T21:50:30.528493", "level": "INFO", "message": "Ventana principal cerrada para usuario: luis", "module": "main_window", "function": "closeEvent", "line": 294, "thread": "MainThread"}
{"timestamp": "2025-08-05T21:51:45.444931", "level": "INFO", "message": "Intento de login para usuario: luis", "module": "auth_controller", "function": "authenticate", "line": 14, "thread": "MainThread"}
{"timestamp": "2025-08-05T21:51:45.501864", "level": "INFO", "message": "Usuario autenticado: luis", "module": "login_window", "function": "authenticate", "line": 74, "thread": "MainThread"}
{"timestamp": "2025-08-05T21:51:45.502383", "level": "INFO", "message": "Usuario autenticado: luis (Perfil: 0)", "module": "main", "function": "on_login_success", "line": 34, "thread": "MainThread"}
{"timestamp": "2025-08-05T21:51:45.505730", "level": "INFO", "message": "Ventana de login cerrada", "module": "login_window", "function": "closeEvent", "line": 95, "thread": "MainThread"}
{"timestamp": "2025-08-05T21:51:46.069447", "level": "INFO", "message": "Ventana principal creada para luis (Perfil: 0)", "module": "main_window", "function": "__init__", "line": 201, "thread": "MainThread"}
{"timestamp": "2025-08-05T21:52:19.960227", "level": "INFO", "message": "Ventana principal cerrada para usuario: luis", "module": "main_window", "function": "closeEvent", "line": 294, "thread": "MainThread"}
{"timestamp": "2025-08-05T21:53:40.531492", "level": "INFO", "message": "Intento de login para usuario: luis", "module": "auth_controller", "function": "authenticate", "line": 14, "thread": "MainThread"}
{"timestamp": "2025-08-05T21:53:40.588560", "level": "INFO", "message": "Usuario autenticado: luis", "module": "login_window", "function": "authenticate", "line": 74, "thread": "MainThread"}
{"timestamp": "2025-08-05T21:53:40.589563", "level": "INFO", "message": "Usuario autenticado: luis (Perfil: 0)", "module": "main", "function": "on_login_success", "line": 34, "thread": "MainThread"}
{"timestamp": "2025-08-05T21:53:40.592596", "level": "INFO", "message": "Ventana de login cerrada", "module": "login_window", "function": "closeEvent", "line": 95, "thread": "MainThread"}
{"timestamp": "2025-08-05T21:53:41.237517", "level": "INFO", "message": "Ventana principal creada para luis (Perfil: 0)", "module": "main_window", "function": "__init__", "line": 201, "thread": "MainThread"}
{"timestamp": "2025-08-05T21:57:38.305859", "level": "INFO", "message": "Ventana principal cerrada para usuario: luis", "module": "main_window", "function": "closeEvent", "line": 294, "thread": "MainThread"}
{"timestamp": "2025-08-05T22:05:25.282403", "level": "INFO", "message": "Intento de login para usuario: luis", "module": "auth_controller", "function": "authenticate", "line": 14, "thread": "MainThread"}
{"timestamp": "2025-08-05T22:05:25.344392", "level": "INFO", "message": "Usuario autenticado: luis", "module": "login_window", "function": "authenticate", "line": 74, "thread": "MainThread"}
{"timestamp": "2025-08-05T22:05:25.345406", "level": "INFO", "message": "Usuario autenticado: luis (Perfil: 0)", "module": "main", "function": "on_login_success", "line": 34, "thread": "MainThread"}
{"timestamp": "2025-08-05T22:05:25.348393", "level": "INFO", "message": "Ventana de login cerrada", "module": "login_window", "function": "closeEvent", "line": 95, "thread": "MainThread"}
{"timestamp": "2025-08-05T22:05:25.905837", "level": "INFO", "message": "Ventana principal creada para luis (Perfil: 0)", "module": "main_window", "function": "__init__", "line": 201, "thread": "MainThread"}
{"timestamp": "2025-08-05T22:12:21.694590", "level": "INFO", "message": "Ventana principal cerrada para usuario: luis", "module": "main_window", "function": "closeEvent", "line": 294, "thread": "MainThread"}
{"timestamp": "2025-08-05T22:20:16.038830", "level": "INFO", "message": "Intento de login para usuario: luis", "module": "auth_controller", "function": "authenticate", "line": 14, "thread": "MainThread"}
{"timestamp": "2025-08-05T22:20:16.098214", "level": "INFO", "message": "Usuario autenticado: luis", "module": "login_window", "function": "authenticate", "line": 74, "thread": "MainThread"}
{"timestamp": "2025-08-05T22:20:16.098718", "level": "INFO", "message": "Usuario autenticado: luis (Perfil: 0)", "module": "main", "function": "on_login_success", "line": 34, "thread": "MainThread"}
{"timestamp": "2025-08-05T22:20:16.101755", "level": "INFO", "message": "Ventana de login cerrada", "module": "login_window", "function": "closeEvent", "line": 95, "thread": "MainThread"}
{"timestamp": "2025-08-05T22:20:16.680040", "level": "INFO", "message": "Ventana principal creada para luis (Perfil: 0)", "module": "main_window", "function": "__init__", "line": 201, "thread": "MainThread"}
{"timestamp": "2025-08-05T22:43:38.705581", "level": "INFO", "message": "Ventana principal cerrada para usuario: luis", "module": "main_window", "function": "closeEvent", "line": 294, "thread": "MainThread"}
